{"/Users/andreagiammarchi/code/backtick-template/test.js":{"path":"/Users/andreagiammarchi/code/backtick-template/test.js","s":{"1":1,"2":1,"3":1,"4":72,"5":66,"6":1,"7":1,"8":1,"9":1,"10":1,"11":1,"12":1,"13":1,"14":1,"15":1,"16":1,"17":1,"18":1,"19":1,"20":1,"21":1,"22":1,"23":1,"24":1,"25":1,"26":1,"27":1,"28":1,"29":1,"30":1,"31":1,"32":1,"33":1,"34":1,"35":1,"36":1,"37":1,"38":1,"39":8,"40":1,"41":1,"42":1,"43":1,"44":1,"45":1,"46":1,"47":1,"48":1,"49":1,"50":1,"51":1,"52":1,"53":1,"54":1,"55":1,"56":1,"57":1,"58":1,"59":1,"60":1,"61":1,"62":1,"63":1,"64":1,"65":1,"66":1,"67":1,"68":1,"69":1,"70":1,"71":1,"72":1,"73":1,"74":1,"75":1,"76":1,"77":1},"b":{},"f":{"1":8},"fnMap":{"1":{"name":"(anonymous_1)","line":53,"loc":{"start":{"line":53,"column":10},"end":{"line":53,"column":23}}}},"statementMap":{"1":{"start":{"line":1,"column":0},"end":{"line":1,"column":37}},"2":{"start":{"line":2,"column":0},"end":{"line":2,"column":48}},"3":{"start":{"line":4,"column":0},"end":{"line":5,"column":64}},"4":{"start":{"line":5,"column":4},"end":{"line":5,"column":63}},"5":{"start":{"line":5,"column":37},"end":{"line":5,"column":62}},"6":{"start":{"line":7,"column":0},"end":{"line":7,"column":40}},"7":{"start":{"line":8,"column":0},"end":{"line":8,"column":21}},"8":{"start":{"line":11,"column":0},"end":{"line":11,"column":24}},"9":{"start":{"line":12,"column":0},"end":{"line":12,"column":40}},"10":{"start":{"line":13,"column":0},"end":{"line":13,"column":44}},"11":{"start":{"line":14,"column":0},"end":{"line":14,"column":46}},"12":{"start":{"line":15,"column":0},"end":{"line":15,"column":50}},"13":{"start":{"line":18,"column":0},"end":{"line":18,"column":20}},"14":{"start":{"line":19,"column":0},"end":{"line":19,"column":48}},"15":{"start":{"line":20,"column":0},"end":{"line":20,"column":52}},"16":{"start":{"line":21,"column":0},"end":{"line":21,"column":54}},"17":{"start":{"line":22,"column":0},"end":{"line":22,"column":58}},"18":{"start":{"line":25,"column":0},"end":{"line":25,"column":26}},"19":{"start":{"line":26,"column":0},"end":{"line":26,"column":60}},"20":{"start":{"line":27,"column":0},"end":{"line":27,"column":64}},"21":{"start":{"line":28,"column":0},"end":{"line":28,"column":66}},"22":{"start":{"line":29,"column":0},"end":{"line":29,"column":70}},"23":{"start":{"line":32,"column":0},"end":{"line":32,"column":25}},"24":{"start":{"line":33,"column":0},"end":{"line":33,"column":58}},"25":{"start":{"line":34,"column":0},"end":{"line":34,"column":62}},"26":{"start":{"line":35,"column":0},"end":{"line":35,"column":64}},"27":{"start":{"line":36,"column":0},"end":{"line":36,"column":68}},"28":{"start":{"line":39,"column":0},"end":{"line":39,"column":26}},"29":{"start":{"line":40,"column":0},"end":{"line":40,"column":60}},"30":{"start":{"line":41,"column":0},"end":{"line":41,"column":64}},"31":{"start":{"line":42,"column":0},"end":{"line":42,"column":66}},"32":{"start":{"line":43,"column":0},"end":{"line":43,"column":70}},"33":{"start":{"line":46,"column":0},"end":{"line":46,"column":34}},"34":{"start":{"line":47,"column":0},"end":{"line":47,"column":23}},"35":{"start":{"line":48,"column":0},"end":{"line":48,"column":88}},"36":{"start":{"line":49,"column":0},"end":{"line":49,"column":94}},"37":{"start":{"line":52,"column":0},"end":{"line":52,"column":35}},"38":{"start":{"line":53,"column":0},"end":{"line":53,"column":48}},"39":{"start":{"line":53,"column":25},"end":{"line":53,"column":38}},"40":{"start":{"line":54,"column":0},"end":{"line":54,"column":86}},"41":{"start":{"line":55,"column":0},"end":{"line":55,"column":92}},"42":{"start":{"line":58,"column":0},"end":{"line":58,"column":46}},"43":{"start":{"line":59,"column":0},"end":{"line":59,"column":29}},"44":{"start":{"line":60,"column":0},"end":{"line":60,"column":41}},"45":{"start":{"line":61,"column":0},"end":{"line":61,"column":43}},"46":{"start":{"line":62,"column":0},"end":{"line":62,"column":45}},"47":{"start":{"line":63,"column":0},"end":{"line":63,"column":49}},"48":{"start":{"line":66,"column":0},"end":{"line":66,"column":33}},"49":{"start":{"line":67,"column":0},"end":{"line":67,"column":49}},"50":{"start":{"line":68,"column":0},"end":{"line":68,"column":51}},"51":{"start":{"line":69,"column":0},"end":{"line":69,"column":53}},"52":{"start":{"line":70,"column":0},"end":{"line":70,"column":57}},"53":{"start":{"line":73,"column":0},"end":{"line":73,"column":39}},"54":{"start":{"line":74,"column":0},"end":{"line":74,"column":61}},"55":{"start":{"line":75,"column":0},"end":{"line":75,"column":63}},"56":{"start":{"line":76,"column":0},"end":{"line":76,"column":65}},"57":{"start":{"line":77,"column":0},"end":{"line":77,"column":69}},"58":{"start":{"line":80,"column":0},"end":{"line":80,"column":38}},"59":{"start":{"line":81,"column":0},"end":{"line":81,"column":59}},"60":{"start":{"line":82,"column":0},"end":{"line":82,"column":61}},"61":{"start":{"line":83,"column":0},"end":{"line":83,"column":63}},"62":{"start":{"line":84,"column":0},"end":{"line":84,"column":67}},"63":{"start":{"line":87,"column":0},"end":{"line":87,"column":39}},"64":{"start":{"line":88,"column":0},"end":{"line":88,"column":61}},"65":{"start":{"line":89,"column":0},"end":{"line":89,"column":77}},"66":{"start":{"line":90,"column":0},"end":{"line":90,"column":65}},"67":{"start":{"line":91,"column":0},"end":{"line":91,"column":69}},"68":{"start":{"line":94,"column":0},"end":{"line":94,"column":57}},"69":{"start":{"line":95,"column":0},"end":{"line":95,"column":87}},"70":{"start":{"line":96,"column":0},"end":{"line":96,"column":93}},"71":{"start":{"line":99,"column":0},"end":{"line":99,"column":48}},"72":{"start":{"line":100,"column":0},"end":{"line":100,"column":85}},"73":{"start":{"line":101,"column":0},"end":{"line":101,"column":91}},"74":{"start":{"line":104,"column":0},"end":{"line":104,"column":16}},"75":{"start":{"line":105,"column":0},"end":{"line":105,"column":24}},"76":{"start":{"line":106,"column":0},"end":{"line":106,"column":30}},"77":{"start":{"line":107,"column":0},"end":{"line":107,"column":16}}},"branchMap":{}},"/Users/andreagiammarchi/code/backtick-template/backtick-template.js":{"path":"/Users/andreagiammarchi/code/backtick-template/backtick-template.js","s":{"1":1,"2":48,"3":48,"4":64,"5":64,"6":44,"7":44,"8":44,"9":44,"10":44,"11":136,"12":48,"13":48,"14":4,"15":4,"16":136,"17":44,"18":44,"19":44,"20":20,"21":20,"22":48,"23":48,"24":24,"25":24,"26":10,"27":24,"28":24,"29":48,"30":1,"31":24,"32":1,"33":1},"b":{"1":[24,24],"2":[24,24],"3":[40,8],"4":[24,24],"5":[44,20],"6":[48,4],"7":[44,92],"8":[24,24],"9":[10,14],"10":[20,4],"11":[24,24],"12":[12,12]},"f":{"1":48,"2":24},"fnMap":{"1":{"name":"template","line":2,"loc":{"start":{"line":2,"column":0},"end":{"line":2,"column":37}}},"2":{"name":"(anonymous_2)","line":55,"loc":{"start":{"line":55,"column":20},"end":{"line":55,"column":42}}}},"statementMap":{"1":{"start":{"line":2,"column":0},"end":{"line":53,"column":1}},"2":{"start":{"line":3,"column":2},"end":{"line":12,"column":3}},"3":{"start":{"line":13,"column":2},"end":{"line":35,"column":3}},"4":{"start":{"line":14,"column":4},"end":{"line":14,"column":32}},"5":{"start":{"line":15,"column":4},"end":{"line":34,"column":5}},"6":{"start":{"line":16,"column":6},"end":{"line":16,"column":50}},"7":{"start":{"line":17,"column":6},"end":{"line":17,"column":16}},"8":{"start":{"line":18,"column":6},"end":{"line":18,"column":19}},"9":{"start":{"line":19,"column":6},"end":{"line":19,"column":18}},"10":{"start":{"line":20,"column":6},"end":{"line":29,"column":7}},"11":{"start":{"line":21,"column":8},"end":{"line":24,"column":9}},"12":{"start":{"line":22,"column":20},"end":{"line":22,"column":33}},"13":{"start":{"line":22,"column":34},"end":{"line":22,"column":40}},"14":{"start":{"line":23,"column":20},"end":{"line":23,"column":33}},"15":{"start":{"line":23,"column":34},"end":{"line":23,"column":40}},"16":{"start":{"line":25,"column":8},"end":{"line":28,"column":9}},"17":{"start":{"line":26,"column":10},"end":{"line":26,"column":62}},"18":{"start":{"line":27,"column":10},"end":{"line":27,"column":16}},"19":{"start":{"line":30,"column":6},"end":{"line":30,"column":16}},"20":{"start":{"line":32,"column":6},"end":{"line":32,"column":44}},"21":{"start":{"line":33,"column":6},"end":{"line":33,"column":17}},"22":{"start":{"line":36,"column":2},"end":{"line":36,"column":11}},"23":{"start":{"line":37,"column":2},"end":{"line":48,"column":3}},"24":{"start":{"line":38,"column":4},"end":{"line":38,"column":49}},"25":{"start":{"line":39,"column":4},"end":{"line":39,"column":61}},"26":{"start":{"line":39,"column":42},"end":{"line":39,"column":61}},"27":{"start":{"line":40,"column":4},"end":{"line":45,"column":6}},"28":{"start":{"line":47,"column":4},"end":{"line":47,"column":56}},"29":{"start":{"line":49,"column":2},"end":{"line":52,"column":4}},"30":{"start":{"line":55,"column":0},"end":{"line":59,"column":2}},"31":{"start":{"line":56,"column":2},"end":{"line":58,"column":23}},"32":{"start":{"line":61,"column":0},"end":{"line":61,"column":48}},"33":{"start":{"line":61,"column":6},"end":{"line":61,"column":32}}},"branchMap":{"1":{"line":6,"type":"cond-expr","locations":[{"start":{"line":6,"column":27},"end":{"line":6,"column":31}},{"start":{"line":6,"column":34},"end":{"line":6,"column":36}}]},"2":{"line":7,"type":"cond-expr","locations":[{"start":{"line":7,"column":30},"end":{"line":7,"column":37}},{"start":{"line":7,"column":40},"end":{"line":7,"column":44}}]},"3":{"line":9,"type":"cond-expr","locations":[{"start":{"line":9,"column":27},"end":{"line":9,"column":29}},{"start":{"line":9,"column":32},"end":{"line":9,"column":38}}]},"4":{"line":10,"type":"cond-expr","locations":[{"start":{"line":10,"column":30},"end":{"line":10,"column":32}},{"start":{"line":10,"column":35},"end":{"line":10,"column":42}}]},"5":{"line":15,"type":"if","locations":[{"start":{"line":15,"column":4},"end":{"line":15,"column":4}},{"start":{"line":15,"column":4},"end":{"line":15,"column":4}}]},"6":{"line":21,"type":"switch","locations":[{"start":{"line":22,"column":10},"end":{"line":22,"column":40}},{"start":{"line":23,"column":10},"end":{"line":23,"column":40}}]},"7":{"line":25,"type":"if","locations":[{"start":{"line":25,"column":8},"end":{"line":25,"column":8}},{"start":{"line":25,"column":8},"end":{"line":25,"column":8}}]},"8":{"line":37,"type":"if","locations":[{"start":{"line":37,"column":2},"end":{"line":37,"column":2}},{"start":{"line":37,"column":2},"end":{"line":37,"column":2}}]},"9":{"line":39,"type":"if","locations":[{"start":{"line":39,"column":4},"end":{"line":39,"column":4}},{"start":{"line":39,"column":4},"end":{"line":39,"column":4}}]},"10":{"line":43,"type":"cond-expr","locations":[{"start":{"line":43,"column":25},"end":{"line":43,"column":47}},{"start":{"line":43,"column":51},"end":{"line":43,"column":53}}]},"11":{"line":51,"type":"cond-expr","locations":[{"start":{"line":51,"column":21},"end":{"line":51,"column":25}},{"start":{"line":51,"column":28},"end":{"line":51,"column":30}}]},"12":{"line":56,"type":"cond-expr","locations":[{"start":{"line":57,"column":4},"end":{"line":57,"column":30}},{"start":{"line":58,"column":4},"end":{"line":58,"column":22}}]}}}}