TN:
SF:/Users/andreagiammarchi/code/backtick-template/test.js
FN:53,(anonymous_1)
FNF:1
FNH:1
FNDA:8,(anonymous_1)
DA:1,1
DA:2,1
DA:4,1
DA:5,72
DA:7,1
DA:8,1
DA:11,1
DA:12,1
DA:13,1
DA:14,1
DA:15,1
DA:18,1
DA:19,1
DA:20,1
DA:21,1
DA:22,1
DA:25,1
DA:26,1
DA:27,1
DA:28,1
DA:29,1
DA:32,1
DA:33,1
DA:34,1
DA:35,1
DA:36,1
DA:39,1
DA:40,1
DA:41,1
DA:42,1
DA:43,1
DA:46,1
DA:47,1
DA:48,1
DA:49,1
DA:52,1
DA:53,8
DA:54,1
DA:55,1
DA:58,1
DA:59,1
DA:60,1
DA:61,1
DA:62,1
DA:63,1
DA:66,1
DA:67,1
DA:68,1
DA:69,1
DA:70,1
DA:73,1
DA:74,1
DA:75,1
DA:76,1
DA:77,1
DA:80,1
DA:81,1
DA:82,1
DA:83,1
DA:84,1
DA:87,1
DA:88,1
DA:89,1
DA:90,1
DA:91,1
DA:94,1
DA:95,1
DA:96,1
DA:99,1
DA:100,1
DA:101,1
DA:104,1
DA:105,1
DA:106,1
DA:107,1
LF:75
LH:75
BRF:0
BRH:0
end_of_record
TN:
SF:/Users/andreagiammarchi/code/backtick-template/backtick-template.js
FN:2,template
FN:54,(anonymous_2)
FNF:2
FNH:2
FNDA:48,template
FNDA:24,(anonymous_2)
DA:2,1
DA:3,48
DA:13,48
DA:14,64
DA:15,64
DA:16,44
DA:17,44
DA:18,44
DA:19,44
DA:20,44
DA:21,136
DA:22,48
DA:23,4
DA:25,136
DA:26,44
DA:27,44
DA:30,44
DA:32,20
DA:33,20
DA:36,48
DA:37,24
DA:38,24
DA:39,24
DA:46,24
DA:48,48
DA:54,1
DA:55,24
DA:60,1
LF:28
LH:28
BRDA:6,1,0,24
BRDA:6,1,1,24
BRDA:7,2,0,24
BRDA:7,2,1,24
BRDA:9,3,0,40
BRDA:9,3,1,8
BRDA:10,4,0,24
BRDA:10,4,1,24
BRDA:15,5,0,44
BRDA:15,5,1,20
BRDA:21,6,0,48
BRDA:21,6,1,4
BRDA:25,7,0,44
BRDA:25,7,1,92
BRDA:36,8,0,24
BRDA:36,8,1,24
BRDA:38,9,0,10
BRDA:38,9,1,14
BRDA:42,10,0,20
BRDA:42,10,1,4
BRDA:50,11,0,24
BRDA:50,11,1,24
BRDA:55,12,0,12
BRDA:55,12,1,12
BRF:24
BRH:24
end_of_record
